<?xml version="1.0" encoding="UTF-8"?>
<testsuite xmlns:xsi="http://www.w3.org/2001/XMLSchema-instance" xsi:noNamespaceSchemaLocation="https://maven.apache.org/surefire/maven-surefire-plugin/xsd/surefire-test-report.xsd" name="hello.ApplicationTest" time="9.672" tests="1" errors="0" skipped="0" failures="0">
  <properties>
    <property name="sun.desktop" value="windows"/>
    <property name="awt.toolkit" value="sun.awt.windows.WToolkit"/>
    <property name="file.encoding.pkg" value="sun.io"/>
    <property name="java.specification.version" value="1.8"/>
    <property name="sun.cpu.isalist" value="amd64"/>
    <property name="sun.jnu.encoding" value="Cp1255"/>
    <property name="java.class.path" value="C:\Gonen\springExamples\SpringCloud_GS_Gateway\target\test-classes;C:\Gonen\springExamples\SpringCloud_GS_Gateway\target\classes;C:\Users\jbt\.m2\repository\org\springframework\cloud\spring-cloud-starter-gateway\2.0.1.RELEASE\spring-cloud-starter-gateway-2.0.1.RELEASE.jar;C:\Users\jbt\.m2\repository\org\springframework\cloud\spring-cloud-starter\2.0.1.RELEASE\spring-cloud-starter-2.0.1.RELEASE.jar;C:\Users\jbt\.m2\repository\org\springframework\cloud\spring-cloud-context\2.0.1.RELEASE\spring-cloud-context-2.0.1.RELEASE.jar;C:\Users\jbt\.m2\repository\org\springframework\security\spring-security-crypto\5.0.8.RELEASE\spring-security-crypto-5.0.8.RELEASE.jar;C:\Users\jbt\.m2\repository\org\springframework\cloud\spring-cloud-commons\2.0.1.RELEASE\spring-cloud-commons-2.0.1.RELEASE.jar;C:\Users\jbt\.m2\repository\org\springframework\security\spring-security-rsa\1.0.5.RELEASE\spring-security-rsa-1.0.5.RELEASE.jar;C:\Users\jbt\.m2\repository\org\bouncycastle\bcpkix-jdk15on\1.56\bcpkix-jdk15on-1.56.jar;C:\Users\jbt\.m2\repository\org\bouncycastle\bcprov-jdk15on\1.56\bcprov-jdk15on-1.56.jar;C:\Users\jbt\.m2\repository\org\springframework\cloud\spring-cloud-gateway-core\2.0.1.RELEASE\spring-cloud-gateway-core-2.0.1.RELEASE.jar;C:\Users\jbt\.m2\repository\io\projectreactor\addons\reactor-extra\3.1.7.RELEASE\reactor-extra-3.1.7.RELEASE.jar;C:\Users\jbt\.m2\repository\io\projectreactor\reactor-core\3.1.9.RELEASE\reactor-core-3.1.9.RELEASE.jar;C:\Users\jbt\.m2\repository\org\springframework\boot\spring-boot-starter-webflux\2.0.5.RELEASE\spring-boot-starter-webflux-2.0.5.RELEASE.jar;C:\Users\jbt\.m2\repository\org\springframework\boot\spring-boot-starter-json\2.0.5.RELEASE\spring-boot-starter-json-2.0.5.RELEASE.jar;C:\Users\jbt\.m2\repository\com\fasterxml\jackson\datatype\jackson-datatype-jdk8\2.9.6\jackson-datatype-jdk8-2.9.6.jar;C:\Users\jbt\.m2\repository\com\fasterxml\jackson\datatype\jackson-datatype-jsr310\2.9.6\jackson-datatype-jsr310-2.9.6.jar;C:\Users\jbt\.m2\repository\com\fasterxml\jackson\module\jackson-module-parameter-names\2.9.6\jackson-module-parameter-names-2.9.6.jar;C:\Users\jbt\.m2\repository\org\springframework\boot\spring-boot-starter-reactor-netty\2.0.5.RELEASE\spring-boot-starter-reactor-netty-2.0.5.RELEASE.jar;C:\Users\jbt\.m2\repository\io\projectreactor\ipc\reactor-netty\0.7.9.RELEASE\reactor-netty-0.7.9.RELEASE.jar;C:\Users\jbt\.m2\repository\io\netty\netty-codec-http\4.1.29.Final\netty-codec-http-4.1.29.Final.jar;C:\Users\jbt\.m2\repository\io\netty\netty-codec\4.1.29.Final\netty-codec-4.1.29.Final.jar;C:\Users\jbt\.m2\repository\io\netty\netty-handler\4.1.29.Final\netty-handler-4.1.29.Final.jar;C:\Users\jbt\.m2\repository\io\netty\netty-buffer\4.1.29.Final\netty-buffer-4.1.29.Final.jar;C:\Users\jbt\.m2\repository\io\netty\netty-transport\4.1.29.Final\netty-transport-4.1.29.Final.jar;C:\Users\jbt\.m2\repository\io\netty\netty-resolver\4.1.29.Final\netty-resolver-4.1.29.Final.jar;C:\Users\jbt\.m2\repository\io\netty\netty-handler-proxy\4.1.29.Final\netty-handler-proxy-4.1.29.Final.jar;C:\Users\jbt\.m2\repository\io\netty\netty-codec-socks\4.1.29.Final\netty-codec-socks-4.1.29.Final.jar;C:\Users\jbt\.m2\repository\io\netty\netty-transport-native-epoll\4.1.29.Final\netty-transport-native-epoll-4.1.29.Final-linux-x86_64.jar;C:\Users\jbt\.m2\repository\io\netty\netty-common\4.1.29.Final\netty-common-4.1.29.Final.jar;C:\Users\jbt\.m2\repository\io\netty\netty-transport-native-unix-common\4.1.29.Final\netty-transport-native-unix-common-4.1.29.Final.jar;C:\Users\jbt\.m2\repository\org\hibernate\validator\hibernate-validator\6.0.12.Final\hibernate-validator-6.0.12.Final.jar;C:\Users\jbt\.m2\repository\javax\validation\validation-api\2.0.1.Final\validation-api-2.0.1.Final.jar;C:\Users\jbt\.m2\repository\org\jboss\logging\jboss-logging\3.3.2.Final\jboss-logging-3.3.2.Final.jar;C:\Users\jbt\.m2\repository\com\fasterxml\classmate\1.3.4\classmate-1.3.4.jar;C:\Users\jbt\.m2\repository\org\springframework\spring-web\5.0.9.RELEASE\spring-web-5.0.9.RELEASE.jar;C:\Users\jbt\.m2\repository\org\springframework\spring-beans\5.0.9.RELEASE\spring-beans-5.0.9.RELEASE.jar;C:\Users\jbt\.m2\repository\org\springframework\spring-webflux\5.0.9.RELEASE\spring-webflux-5.0.9.RELEASE.jar;C:\Users\jbt\.m2\repository\org\synchronoss\cloud\nio-multipart-parser\1.1.0\nio-multipart-parser-1.1.0.jar;C:\Users\jbt\.m2\repository\org\synchronoss\cloud\nio-stream-storage\1.1.3\nio-stream-storage-1.1.3.jar;C:\Users\jbt\.m2\repository\org\springframework\cloud\spring-cloud-starter-netflix-hystrix\2.0.1.RELEASE\spring-cloud-starter-netflix-hystrix-2.0.1.RELEASE.jar;C:\Users\jbt\.m2\repository\org\springframework\cloud\spring-cloud-netflix-core\2.0.1.RELEASE\spring-cloud-netflix-core-2.0.1.RELEASE.jar;C:\Users\jbt\.m2\repository\org\springframework\boot\spring-boot-autoconfigure\2.0.5.RELEASE\spring-boot-autoconfigure-2.0.5.RELEASE.jar;C:\Users\jbt\.m2\repository\org\springframework\boot\spring-boot-starter-aop\2.0.5.RELEASE\spring-boot-starter-aop-2.0.5.RELEASE.jar;C:\Users\jbt\.m2\repository\org\springframework\spring-aop\5.0.9.RELEASE\spring-aop-5.0.9.RELEASE.jar;C:\Users\jbt\.m2\repository\org\springframework\cloud\spring-cloud-netflix-ribbon\2.0.1.RELEASE\spring-cloud-netflix-ribbon-2.0.1.RELEASE.jar;C:\Users\jbt\.m2\repository\org\springframework\cloud\spring-cloud-netflix-archaius\2.0.1.RELEASE\spring-cloud-netflix-archaius-2.0.1.RELEASE.jar;C:\Users\jbt\.m2\repository\org\springframework\cloud\spring-cloud-starter-netflix-archaius\2.0.1.RELEASE\spring-cloud-starter-netflix-archaius-2.0.1.RELEASE.jar;C:\Users\jbt\.m2\repository\com\netflix\archaius\archaius-core\0.7.6\archaius-core-0.7.6.jar;C:\Users\jbt\.m2\repository\com\google\code\findbugs\jsr305\3.0.1\jsr305-3.0.1.jar;C:\Users\jbt\.m2\repository\commons-configuration\commons-configuration\1.8\commons-configuration-1.8.jar;C:\Users\jbt\.m2\repository\commons-lang\commons-lang\2.6\commons-lang-2.6.jar;C:\Users\jbt\.m2\repository\com\netflix\hystrix\hystrix-core\1.5.12\hystrix-core-1.5.12.jar;C:\Users\jbt\.m2\repository\org\slf4j\slf4j-api\1.7.25\slf4j-api-1.7.25.jar;C:\Users\jbt\.m2\repository\io\reactivex\rxjava\1.3.8\rxjava-1.3.8.jar;C:\Users\jbt\.m2\repository\org\hdrhistogram\HdrHistogram\2.1.9\HdrHistogram-2.1.9.jar;C:\Users\jbt\.m2\repository\com\netflix\hystrix\hystrix-serialization\1.5.12\hystrix-serialization-1.5.12.jar;C:\Users\jbt\.m2\repository\com\fasterxml\jackson\module\jackson-module-afterburner\2.9.6\jackson-module-afterburner-2.9.6.jar;C:\Users\jbt\.m2\repository\com\fasterxml\jackson\core\jackson-core\2.9.6\jackson-core-2.9.6.jar;C:\Users\jbt\.m2\repository\com\fasterxml\jackson\core\jackson-databind\2.9.6\jackson-databind-2.9.6.jar;C:\Users\jbt\.m2\repository\com\fasterxml\jackson\core\jackson-annotations\2.9.0\jackson-annotations-2.9.0.jar;C:\Users\jbt\.m2\repository\com\netflix\hystrix\hystrix-metrics-event-stream\1.5.12\hystrix-metrics-event-stream-1.5.12.jar;C:\Users\jbt\.m2\repository\com\netflix\hystrix\hystrix-javanica\1.5.12\hystrix-javanica-1.5.12.jar;C:\Users\jbt\.m2\repository\org\apache\commons\commons-lang3\3.7\commons-lang3-3.7.jar;C:\Users\jbt\.m2\repository\org\ow2\asm\asm\5.0.4\asm-5.0.4.jar;C:\Users\jbt\.m2\repository\org\aspectj\aspectjweaver\1.8.13\aspectjweaver-1.8.13.jar;C:\Users\jbt\.m2\repository\com\google\guava\guava\15.0\guava-15.0.jar;C:\Users\jbt\.m2\repository\io\reactivex\rxjava-reactive-streams\1.2.1\rxjava-reactive-streams-1.2.1.jar;C:\Users\jbt\.m2\repository\org\reactivestreams\reactive-streams\1.0.2\reactive-streams-1.0.2.jar;C:\Users\jbt\.m2\repository\org\springframework\cloud\spring-cloud-starter-contract-stub-runner\2.0.1.RELEASE\spring-cloud-starter-contract-stub-runner-2.0.1.RELEASE.jar;C:\Users\jbt\.m2\repository\org\springframework\cloud\spring-cloud-contract-stub-runner\2.0.1.RELEASE\spring-cloud-contract-stub-runner-2.0.1.RELEASE.jar;C:\Users\jbt\.m2\repository\org\springframework\cloud\spring-cloud-contract-verifier\2.0.1.RELEASE\spring-cloud-contract-verifier-2.0.1.RELEASE.jar;C:\Users\jbt\.m2\repository\javax\inject\javax.inject\1\javax.inject-1.jar;C:\Users\jbt\.m2\repository\com\toomuchcoding\jsonassert\jsonassert\0.4.13\jsonassert-0.4.13.jar;C:\Users\jbt\.m2\repository\org\codehaus\groovy\groovy\2.4.15\groovy-2.4.15.jar;C:\Users\jbt\.m2\repository\org\codehaus\groovy\groovy-nio\2.4.15\groovy-nio-2.4.15.jar;C:\Users\jbt\.m2\repository\org\codehaus\groovy\groovy-json\2.4.15\groovy-json-2.4.15.jar;C:\Users\jbt\.m2\repository\org\codehaus\groovy\groovy-xml\2.4.15\groovy-xml-2.4.15.jar;C:\Users\jbt\.m2\repository\com\github\jknack\handlebars\4.0.6\handlebars-4.0.6.jar;C:\Users\jbt\.m2\repository\org\antlr\antlr4-runtime\4.5.1-1\antlr4-runtime-4.5.1-1.jar;C:\Users\jbt\.m2\repository\org\mozilla\rhino\1.7R4\rhino-1.7R4.jar;C:\Users\jbt\.m2\repository\commons-beanutils\commons-beanutils\1.9.3\commons-beanutils-1.9.3.jar;C:\Users\jbt\.m2\repository\commons-logging\commons-logging\1.2\commons-logging-1.2.jar;C:\Users\jbt\.m2\repository\commons-collections\commons-collections\3.2.2\commons-collections-3.2.2.jar;C:\Users\jbt\.m2\repository\org\springframework\cloud\spring-cloud-contract-shade\2.0.1.RELEASE\spring-cloud-contract-shade-2.0.1.RELEASE.jar;C:\Users\jbt\.m2\repository\org\springframework\cloud\spring-cloud-contract-spec\2.0.1.RELEASE\spring-cloud-contract-spec-2.0.1.RELEASE.jar;C:\Users\jbt\.m2\repository\dk\brics\automaton\automaton\1.11-8\automaton-1.11-8.jar;C:\Users\jbt\.m2\repository\org\apache\commons\commons-text\1.1\commons-text-1.1.jar;C:\Users\jbt\.m2\repository\org\eclipse\jgit\org.eclipse.jgit\4.11.0.201803080745-r\org.eclipse.jgit-4.11.0.201803080745-r.jar;C:\Users\jbt\.m2\repository\com\jcraft\jsch\0.1.54\jsch-0.1.54.jar;C:\Users\jbt\.m2\repository\com\jcraft\jzlib\1.1.1\jzlib-1.1.1.jar;C:\Users\jbt\.m2\repository\com\googlecode\javaewah\JavaEWAH\1.1.6\JavaEWAH-1.1.6.jar;C:\Users\jbt\.m2\repository\com\jcraft\jsch.agentproxy.sshagent\0.0.9\jsch.agentproxy.sshagent-0.0.9.jar;C:\Users\jbt\.m2\repository\com\jcraft\jsch.agentproxy.core\0.0.9\jsch.agentproxy.core-0.0.9.jar;C:\Users\jbt\.m2\repository\com\jcraft\jsch.agentproxy.jsch\0.0.9\jsch.agentproxy.jsch-0.0.9.jar;C:\Users\jbt\.m2\repository\com\jcraft\jsch.agentproxy.usocket-jna\0.0.9\jsch.agentproxy.usocket-jna-0.0.9.jar;C:\Users\jbt\.m2\repository\net\java\dev\jna\jna\4.5.2\jna-4.5.2.jar;C:\Users\jbt\.m2\repository\net\java\dev\jna\jna-platform\4.5.2\jna-platform-4.5.2.jar;C:\Users\jbt\.m2\repository\org\springframework\cloud\spring-cloud-stream-test-support\2.0.1.RELEASE\spring-cloud-stream-test-support-2.0.1.RELEASE.jar;C:\Users\jbt\.m2\repository\org\springframework\cloud\spring-cloud-stream\2.0.1.RELEASE\spring-cloud-stream-2.0.1.RELEASE.jar;C:\Users\jbt\.m2\repository\org\springframework\boot\spring-boot-starter-validation\2.0.5.RELEASE\spring-boot-starter-validation-2.0.5.RELEASE.jar;C:\Users\jbt\.m2\repository\org\apache\tomcat\embed\tomcat-embed-el\8.5.34\tomcat-embed-el-8.5.34.jar;C:\Users\jbt\.m2\repository\org\springframework\spring-messaging\5.0.9.RELEASE\spring-messaging-5.0.9.RELEASE.jar;C:\Users\jbt\.m2\repository\org\springframework\integration\spring-integration-core\5.0.8.RELEASE\spring-integration-core-5.0.8.RELEASE.jar;C:\Users\jbt\.m2\repository\org\springframework\spring-tx\5.0.9.RELEASE\spring-tx-5.0.9.RELEASE.jar;C:\Users\jbt\.m2\repository\org\springframework\integration\spring-integration-jmx\5.0.8.RELEASE\spring-integration-jmx-5.0.8.RELEASE.jar;C:\Users\jbt\.m2\repository\org\springframework\spring-tuple\1.0.0.RELEASE\spring-tuple-1.0.0.RELEASE.jar;C:\Users\jbt\.m2\repository\com\esotericsoftware\kryo-shaded\3.0.3\kryo-shaded-3.0.3.jar;C:\Users\jbt\.m2\repository\com\esotericsoftware\minlog\1.3.0\minlog-1.3.0.jar;C:\Users\jbt\.m2\repository\org\springframework\integration\spring-integration-tuple\1.0.0.RELEASE\spring-integration-tuple-1.0.0.RELEASE.jar;C:\Users\jbt\.m2\repository\org\springframework\retry\spring-retry\1.2.2.RELEASE\spring-retry-1.2.2.RELEASE.jar;C:\Users\jbt\.m2\repository\org\springframework\cloud\spring-cloud-contract-wiremock\2.0.1.RELEASE\spring-cloud-contract-wiremock-2.0.1.RELEASE.jar;C:\Users\jbt\.m2\repository\com\github\tomakehurst\wiremock-standalone\2.18.0\wiremock-standalone-2.18.0.jar;C:\Users\jbt\.m2\repository\org\apache\httpcomponents\httpclient\4.5.6\httpclient-4.5.6.jar;C:\Users\jbt\.m2\repository\org\apache\httpcomponents\httpcore\4.4.10\httpcore-4.4.10.jar;C:\Users\jbt\.m2\repository\commons-codec\commons-codec\1.11\commons-codec-1.11.jar;C:\Users\jbt\.m2\repository\org\eclipse\aether\aether-api\1.0.2.v20150114\aether-api-1.0.2.v20150114.jar;C:\Users\jbt\.m2\repository\org\springframework\boot\spring-boot-starter-test\2.0.5.RELEASE\spring-boot-starter-test-2.0.5.RELEASE.jar;C:\Users\jbt\.m2\repository\org\springframework\boot\spring-boot-starter\2.0.5.RELEASE\spring-boot-starter-2.0.5.RELEASE.jar;C:\Users\jbt\.m2\repository\org\springframework\boot\spring-boot\2.0.5.RELEASE\spring-boot-2.0.5.RELEASE.jar;C:\Users\jbt\.m2\repository\org\springframework\spring-context\5.0.9.RELEASE\spring-context-5.0.9.RELEASE.jar;C:\Users\jbt\.m2\repository\org\springframework\spring-expression\5.0.9.RELEASE\spring-expression-5.0.9.RELEASE.jar;C:\Users\jbt\.m2\repository\org\springframework\boot\spring-boot-starter-logging\2.0.5.RELEASE\spring-boot-starter-logging-2.0.5.RELEASE.jar;C:\Users\jbt\.m2\repository\ch\qos\logback\logback-classic\1.2.3\logback-classic-1.2.3.jar;C:\Users\jbt\.m2\repository\ch\qos\logback\logback-core\1.2.3\logback-core-1.2.3.jar;C:\Users\jbt\.m2\repository\org\apache\logging\log4j\log4j-to-slf4j\2.10.0\log4j-to-slf4j-2.10.0.jar;C:\Users\jbt\.m2\repository\org\apache\logging\log4j\log4j-api\2.10.0\log4j-api-2.10.0.jar;C:\Users\jbt\.m2\repository\org\slf4j\jul-to-slf4j\1.7.25\jul-to-slf4j-1.7.25.jar;C:\Users\jbt\.m2\repository\javax\annotation\javax.annotation-api\1.3.2\javax.annotation-api-1.3.2.jar;C:\Users\jbt\.m2\repository\org\yaml\snakeyaml\1.19\snakeyaml-1.19.jar;C:\Users\jbt\.m2\repository\org\springframework\boot\spring-boot-test\2.0.5.RELEASE\spring-boot-test-2.0.5.RELEASE.jar;C:\Users\jbt\.m2\repository\org\springframework\boot\spring-boot-test-autoconfigure\2.0.5.RELEASE\spring-boot-test-autoconfigure-2.0.5.RELEASE.jar;C:\Users\jbt\.m2\repository\com\jayway\jsonpath\json-path\2.4.0\json-path-2.4.0.jar;C:\Users\jbt\.m2\repository\net\minidev\json-smart\2.3\json-smart-2.3.jar;C:\Users\jbt\.m2\repository\net\minidev\accessors-smart\1.2\accessors-smart-1.2.jar;C:\Users\jbt\.m2\repository\junit\junit\4.12\junit-4.12.jar;C:\Users\jbt\.m2\repository\org\assertj\assertj-core\3.9.1\assertj-core-3.9.1.jar;C:\Users\jbt\.m2\repository\org\mockito\mockito-core\2.15.0\mockito-core-2.15.0.jar;C:\Users\jbt\.m2\repository\net\bytebuddy\byte-buddy\1.7.11\byte-buddy-1.7.11.jar;C:\Users\jbt\.m2\repository\net\bytebuddy\byte-buddy-agent\1.7.11\byte-buddy-agent-1.7.11.jar;C:\Users\jbt\.m2\repository\org\objenesis\objenesis\2.6\objenesis-2.6.jar;C:\Users\jbt\.m2\repository\org\hamcrest\hamcrest-core\1.3\hamcrest-core-1.3.jar;C:\Users\jbt\.m2\repository\org\hamcrest\hamcrest-library\1.3\hamcrest-library-1.3.jar;C:\Users\jbt\.m2\repository\org\skyscreamer\jsonassert\1.5.0\jsonassert-1.5.0.jar;C:\Users\jbt\.m2\repository\com\vaadin\external\google\android-json\0.0.20131108.vaadin1\android-json-0.0.20131108.vaadin1.jar;C:\Users\jbt\.m2\repository\org\springframework\spring-core\5.0.9.RELEASE\spring-core-5.0.9.RELEASE.jar;C:\Users\jbt\.m2\repository\org\springframework\spring-jcl\5.0.9.RELEASE\spring-jcl-5.0.9.RELEASE.jar;C:\Users\jbt\.m2\repository\org\springframework\spring-test\5.0.9.RELEASE\spring-test-5.0.9.RELEASE.jar;C:\Users\jbt\.m2\repository\org\xmlunit\xmlunit-core\2.5.1\xmlunit-core-2.5.1.jar;"/>
    <property name="java.vm.vendor" value="Oracle Corporation"/>
    <property name="sun.arch.data.model" value="64"/>
    <property name="user.variant" value=""/>
    <property name="java.vendor.url" value="http://java.oracle.com/"/>
    <property name="user.timezone" value=""/>
    <property name="user.country.format" value="IL"/>
    <property name="java.vm.specification.version" value="1.8"/>
    <property name="os.name" value="Windows 10"/>
    <property name="user.country" value="US"/>
    <property name="sun.java.launcher" value="SUN_STANDARD"/>
    <property name="sun.boot.library.path" value="C:\Program Files\Java\jdk1.8.0_65\jre\bin"/>
    <property name="sun.java.command" value="C:\Users\jbt\AppData\Local\Temp\surefire6256170788849069408\surefirebooter4162311611410255750.jar C:\Users\jbt\AppData\Local\Temp\surefire6256170788849069408 2018-11-05T07-40-34_084-jvmRun1 surefire6116989562998883445tmp surefire_08799243212398377150tmp"/>
    <property name="surefire.test.class.path" value="C:\Gonen\springExamples\SpringCloud_GS_Gateway\target\test-classes;C:\Gonen\springExamples\SpringCloud_GS_Gateway\target\classes;C:\Users\jbt\.m2\repository\org\springframework\cloud\spring-cloud-starter-gateway\2.0.1.RELEASE\spring-cloud-starter-gateway-2.0.1.RELEASE.jar;C:\Users\jbt\.m2\repository\org\springframework\cloud\spring-cloud-starter\2.0.1.RELEASE\spring-cloud-starter-2.0.1.RELEASE.jar;C:\Users\jbt\.m2\repository\org\springframework\cloud\spring-cloud-context\2.0.1.RELEASE\spring-cloud-context-2.0.1.RELEASE.jar;C:\Users\jbt\.m2\repository\org\springframework\security\spring-security-crypto\5.0.8.RELEASE\spring-security-crypto-5.0.8.RELEASE.jar;C:\Users\jbt\.m2\repository\org\springframework\cloud\spring-cloud-commons\2.0.1.RELEASE\spring-cloud-commons-2.0.1.RELEASE.jar;C:\Users\jbt\.m2\repository\org\springframework\security\spring-security-rsa\1.0.5.RELEASE\spring-security-rsa-1.0.5.RELEASE.jar;C:\Users\jbt\.m2\repository\org\bouncycastle\bcpkix-jdk15on\1.56\bcpkix-jdk15on-1.56.jar;C:\Users\jbt\.m2\repository\org\bouncycastle\bcprov-jdk15on\1.56\bcprov-jdk15on-1.56.jar;C:\Users\jbt\.m2\repository\org\springframework\cloud\spring-cloud-gateway-core\2.0.1.RELEASE\spring-cloud-gateway-core-2.0.1.RELEASE.jar;C:\Users\jbt\.m2\repository\io\projectreactor\addons\reactor-extra\3.1.7.RELEASE\reactor-extra-3.1.7.RELEASE.jar;C:\Users\jbt\.m2\repository\io\projectreactor\reactor-core\3.1.9.RELEASE\reactor-core-3.1.9.RELEASE.jar;C:\Users\jbt\.m2\repository\org\springframework\boot\spring-boot-starter-webflux\2.0.5.RELEASE\spring-boot-starter-webflux-2.0.5.RELEASE.jar;C:\Users\jbt\.m2\repository\org\springframework\boot\spring-boot-starter-json\2.0.5.RELEASE\spring-boot-starter-json-2.0.5.RELEASE.jar;C:\Users\jbt\.m2\repository\com\fasterxml\jackson\datatype\jackson-datatype-jdk8\2.9.6\jackson-datatype-jdk8-2.9.6.jar;C:\Users\jbt\.m2\repository\com\fasterxml\jackson\datatype\jackson-datatype-jsr310\2.9.6\jackson-datatype-jsr310-2.9.6.jar;C:\Users\jbt\.m2\repository\com\fasterxml\jackson\module\jackson-module-parameter-names\2.9.6\jackson-module-parameter-names-2.9.6.jar;C:\Users\jbt\.m2\repository\org\springframework\boot\spring-boot-starter-reactor-netty\2.0.5.RELEASE\spring-boot-starter-reactor-netty-2.0.5.RELEASE.jar;C:\Users\jbt\.m2\repository\io\projectreactor\ipc\reactor-netty\0.7.9.RELEASE\reactor-netty-0.7.9.RELEASE.jar;C:\Users\jbt\.m2\repository\io\netty\netty-codec-http\4.1.29.Final\netty-codec-http-4.1.29.Final.jar;C:\Users\jbt\.m2\repository\io\netty\netty-codec\4.1.29.Final\netty-codec-4.1.29.Final.jar;C:\Users\jbt\.m2\repository\io\netty\netty-handler\4.1.29.Final\netty-handler-4.1.29.Final.jar;C:\Users\jbt\.m2\repository\io\netty\netty-buffer\4.1.29.Final\netty-buffer-4.1.29.Final.jar;C:\Users\jbt\.m2\repository\io\netty\netty-transport\4.1.29.Final\netty-transport-4.1.29.Final.jar;C:\Users\jbt\.m2\repository\io\netty\netty-resolver\4.1.29.Final\netty-resolver-4.1.29.Final.jar;C:\Users\jbt\.m2\repository\io\netty\netty-handler-proxy\4.1.29.Final\netty-handler-proxy-4.1.29.Final.jar;C:\Users\jbt\.m2\repository\io\netty\netty-codec-socks\4.1.29.Final\netty-codec-socks-4.1.29.Final.jar;C:\Users\jbt\.m2\repository\io\netty\netty-transport-native-epoll\4.1.29.Final\netty-transport-native-epoll-4.1.29.Final-linux-x86_64.jar;C:\Users\jbt\.m2\repository\io\netty\netty-common\4.1.29.Final\netty-common-4.1.29.Final.jar;C:\Users\jbt\.m2\repository\io\netty\netty-transport-native-unix-common\4.1.29.Final\netty-transport-native-unix-common-4.1.29.Final.jar;C:\Users\jbt\.m2\repository\org\hibernate\validator\hibernate-validator\6.0.12.Final\hibernate-validator-6.0.12.Final.jar;C:\Users\jbt\.m2\repository\javax\validation\validation-api\2.0.1.Final\validation-api-2.0.1.Final.jar;C:\Users\jbt\.m2\repository\org\jboss\logging\jboss-logging\3.3.2.Final\jboss-logging-3.3.2.Final.jar;C:\Users\jbt\.m2\repository\com\fasterxml\classmate\1.3.4\classmate-1.3.4.jar;C:\Users\jbt\.m2\repository\org\springframework\spring-web\5.0.9.RELEASE\spring-web-5.0.9.RELEASE.jar;C:\Users\jbt\.m2\repository\org\springframework\spring-beans\5.0.9.RELEASE\spring-beans-5.0.9.RELEASE.jar;C:\Users\jbt\.m2\repository\org\springframework\spring-webflux\5.0.9.RELEASE\spring-webflux-5.0.9.RELEASE.jar;C:\Users\jbt\.m2\repository\org\synchronoss\cloud\nio-multipart-parser\1.1.0\nio-multipart-parser-1.1.0.jar;C:\Users\jbt\.m2\repository\org\synchronoss\cloud\nio-stream-storage\1.1.3\nio-stream-storage-1.1.3.jar;C:\Users\jbt\.m2\repository\org\springframework\cloud\spring-cloud-starter-netflix-hystrix\2.0.1.RELEASE\spring-cloud-starter-netflix-hystrix-2.0.1.RELEASE.jar;C:\Users\jbt\.m2\repository\org\springframework\cloud\spring-cloud-netflix-core\2.0.1.RELEASE\spring-cloud-netflix-core-2.0.1.RELEASE.jar;C:\Users\jbt\.m2\repository\org\springframework\boot\spring-boot-autoconfigure\2.0.5.RELEASE\spring-boot-autoconfigure-2.0.5.RELEASE.jar;C:\Users\jbt\.m2\repository\org\springframework\boot\spring-boot-starter-aop\2.0.5.RELEASE\spring-boot-starter-aop-2.0.5.RELEASE.jar;C:\Users\jbt\.m2\repository\org\springframework\spring-aop\5.0.9.RELEASE\spring-aop-5.0.9.RELEASE.jar;C:\Users\jbt\.m2\repository\org\springframework\cloud\spring-cloud-netflix-ribbon\2.0.1.RELEASE\spring-cloud-netflix-ribbon-2.0.1.RELEASE.jar;C:\Users\jbt\.m2\repository\org\springframework\cloud\spring-cloud-netflix-archaius\2.0.1.RELEASE\spring-cloud-netflix-archaius-2.0.1.RELEASE.jar;C:\Users\jbt\.m2\repository\org\springframework\cloud\spring-cloud-starter-netflix-archaius\2.0.1.RELEASE\spring-cloud-starter-netflix-archaius-2.0.1.RELEASE.jar;C:\Users\jbt\.m2\repository\com\netflix\archaius\archaius-core\0.7.6\archaius-core-0.7.6.jar;C:\Users\jbt\.m2\repository\com\google\code\findbugs\jsr305\3.0.1\jsr305-3.0.1.jar;C:\Users\jbt\.m2\repository\commons-configuration\commons-configuration\1.8\commons-configuration-1.8.jar;C:\Users\jbt\.m2\repository\commons-lang\commons-lang\2.6\commons-lang-2.6.jar;C:\Users\jbt\.m2\repository\com\netflix\hystrix\hystrix-core\1.5.12\hystrix-core-1.5.12.jar;C:\Users\jbt\.m2\repository\org\slf4j\slf4j-api\1.7.25\slf4j-api-1.7.25.jar;C:\Users\jbt\.m2\repository\io\reactivex\rxjava\1.3.8\rxjava-1.3.8.jar;C:\Users\jbt\.m2\repository\org\hdrhistogram\HdrHistogram\2.1.9\HdrHistogram-2.1.9.jar;C:\Users\jbt\.m2\repository\com\netflix\hystrix\hystrix-serialization\1.5.12\hystrix-serialization-1.5.12.jar;C:\Users\jbt\.m2\repository\com\fasterxml\jackson\module\jackson-module-afterburner\2.9.6\jackson-module-afterburner-2.9.6.jar;C:\Users\jbt\.m2\repository\com\fasterxml\jackson\core\jackson-core\2.9.6\jackson-core-2.9.6.jar;C:\Users\jbt\.m2\repository\com\fasterxml\jackson\core\jackson-databind\2.9.6\jackson-databind-2.9.6.jar;C:\Users\jbt\.m2\repository\com\fasterxml\jackson\core\jackson-annotations\2.9.0\jackson-annotations-2.9.0.jar;C:\Users\jbt\.m2\repository\com\netflix\hystrix\hystrix-metrics-event-stream\1.5.12\hystrix-metrics-event-stream-1.5.12.jar;C:\Users\jbt\.m2\repository\com\netflix\hystrix\hystrix-javanica\1.5.12\hystrix-javanica-1.5.12.jar;C:\Users\jbt\.m2\repository\org\apache\commons\commons-lang3\3.7\commons-lang3-3.7.jar;C:\Users\jbt\.m2\repository\org\ow2\asm\asm\5.0.4\asm-5.0.4.jar;C:\Users\jbt\.m2\repository\org\aspectj\aspectjweaver\1.8.13\aspectjweaver-1.8.13.jar;C:\Users\jbt\.m2\repository\com\google\guava\guava\15.0\guava-15.0.jar;C:\Users\jbt\.m2\repository\io\reactivex\rxjava-reactive-streams\1.2.1\rxjava-reactive-streams-1.2.1.jar;C:\Users\jbt\.m2\repository\org\reactivestreams\reactive-streams\1.0.2\reactive-streams-1.0.2.jar;C:\Users\jbt\.m2\repository\org\springframework\cloud\spring-cloud-starter-contract-stub-runner\2.0.1.RELEASE\spring-cloud-starter-contract-stub-runner-2.0.1.RELEASE.jar;C:\Users\jbt\.m2\repository\org\springframework\cloud\spring-cloud-contract-stub-runner\2.0.1.RELEASE\spring-cloud-contract-stub-runner-2.0.1.RELEASE.jar;C:\Users\jbt\.m2\repository\org\springframework\cloud\spring-cloud-contract-verifier\2.0.1.RELEASE\spring-cloud-contract-verifier-2.0.1.RELEASE.jar;C:\Users\jbt\.m2\repository\javax\inject\javax.inject\1\javax.inject-1.jar;C:\Users\jbt\.m2\repository\com\toomuchcoding\jsonassert\jsonassert\0.4.13\jsonassert-0.4.13.jar;C:\Users\jbt\.m2\repository\org\codehaus\groovy\groovy\2.4.15\groovy-2.4.15.jar;C:\Users\jbt\.m2\repository\org\codehaus\groovy\groovy-nio\2.4.15\groovy-nio-2.4.15.jar;C:\Users\jbt\.m2\repository\org\codehaus\groovy\groovy-json\2.4.15\groovy-json-2.4.15.jar;C:\Users\jbt\.m2\repository\org\codehaus\groovy\groovy-xml\2.4.15\groovy-xml-2.4.15.jar;C:\Users\jbt\.m2\repository\com\github\jknack\handlebars\4.0.6\handlebars-4.0.6.jar;C:\Users\jbt\.m2\repository\org\antlr\antlr4-runtime\4.5.1-1\antlr4-runtime-4.5.1-1.jar;C:\Users\jbt\.m2\repository\org\mozilla\rhino\1.7R4\rhino-1.7R4.jar;C:\Users\jbt\.m2\repository\commons-beanutils\commons-beanutils\1.9.3\commons-beanutils-1.9.3.jar;C:\Users\jbt\.m2\repository\commons-logging\commons-logging\1.2\commons-logging-1.2.jar;C:\Users\jbt\.m2\repository\commons-collections\commons-collections\3.2.2\commons-collections-3.2.2.jar;C:\Users\jbt\.m2\repository\org\springframework\cloud\spring-cloud-contract-shade\2.0.1.RELEASE\spring-cloud-contract-shade-2.0.1.RELEASE.jar;C:\Users\jbt\.m2\repository\org\springframework\cloud\spring-cloud-contract-spec\2.0.1.RELEASE\spring-cloud-contract-spec-2.0.1.RELEASE.jar;C:\Users\jbt\.m2\repository\dk\brics\automaton\automaton\1.11-8\automaton-1.11-8.jar;C:\Users\jbt\.m2\repository\org\apache\commons\commons-text\1.1\commons-text-1.1.jar;C:\Users\jbt\.m2\repository\org\eclipse\jgit\org.eclipse.jgit\4.11.0.201803080745-r\org.eclipse.jgit-4.11.0.201803080745-r.jar;C:\Users\jbt\.m2\repository\com\jcraft\jsch\0.1.54\jsch-0.1.54.jar;C:\Users\jbt\.m2\repository\com\jcraft\jzlib\1.1.1\jzlib-1.1.1.jar;C:\Users\jbt\.m2\repository\com\googlecode\javaewah\JavaEWAH\1.1.6\JavaEWAH-1.1.6.jar;C:\Users\jbt\.m2\repository\com\jcraft\jsch.agentproxy.sshagent\0.0.9\jsch.agentproxy.sshagent-0.0.9.jar;C:\Users\jbt\.m2\repository\com\jcraft\jsch.agentproxy.core\0.0.9\jsch.agentproxy.core-0.0.9.jar;C:\Users\jbt\.m2\repository\com\jcraft\jsch.agentproxy.jsch\0.0.9\jsch.agentproxy.jsch-0.0.9.jar;C:\Users\jbt\.m2\repository\com\jcraft\jsch.agentproxy.usocket-jna\0.0.9\jsch.agentproxy.usocket-jna-0.0.9.jar;C:\Users\jbt\.m2\repository\net\java\dev\jna\jna\4.5.2\jna-4.5.2.jar;C:\Users\jbt\.m2\repository\net\java\dev\jna\jna-platform\4.5.2\jna-platform-4.5.2.jar;C:\Users\jbt\.m2\repository\org\springframework\cloud\spring-cloud-stream-test-support\2.0.1.RELEASE\spring-cloud-stream-test-support-2.0.1.RELEASE.jar;C:\Users\jbt\.m2\repository\org\springframework\cloud\spring-cloud-stream\2.0.1.RELEASE\spring-cloud-stream-2.0.1.RELEASE.jar;C:\Users\jbt\.m2\repository\org\springframework\boot\spring-boot-starter-validation\2.0.5.RELEASE\spring-boot-starter-validation-2.0.5.RELEASE.jar;C:\Users\jbt\.m2\repository\org\apache\tomcat\embed\tomcat-embed-el\8.5.34\tomcat-embed-el-8.5.34.jar;C:\Users\jbt\.m2\repository\org\springframework\spring-messaging\5.0.9.RELEASE\spring-messaging-5.0.9.RELEASE.jar;C:\Users\jbt\.m2\repository\org\springframework\integration\spring-integration-core\5.0.8.RELEASE\spring-integration-core-5.0.8.RELEASE.jar;C:\Users\jbt\.m2\repository\org\springframework\spring-tx\5.0.9.RELEASE\spring-tx-5.0.9.RELEASE.jar;C:\Users\jbt\.m2\repository\org\springframework\integration\spring-integration-jmx\5.0.8.RELEASE\spring-integration-jmx-5.0.8.RELEASE.jar;C:\Users\jbt\.m2\repository\org\springframework\spring-tuple\1.0.0.RELEASE\spring-tuple-1.0.0.RELEASE.jar;C:\Users\jbt\.m2\repository\com\esotericsoftware\kryo-shaded\3.0.3\kryo-shaded-3.0.3.jar;C:\Users\jbt\.m2\repository\com\esotericsoftware\minlog\1.3.0\minlog-1.3.0.jar;C:\Users\jbt\.m2\repository\org\springframework\integration\spring-integration-tuple\1.0.0.RELEASE\spring-integration-tuple-1.0.0.RELEASE.jar;C:\Users\jbt\.m2\repository\org\springframework\retry\spring-retry\1.2.2.RELEASE\spring-retry-1.2.2.RELEASE.jar;C:\Users\jbt\.m2\repository\org\springframework\cloud\spring-cloud-contract-wiremock\2.0.1.RELEASE\spring-cloud-contract-wiremock-2.0.1.RELEASE.jar;C:\Users\jbt\.m2\repository\com\github\tomakehurst\wiremock-standalone\2.18.0\wiremock-standalone-2.18.0.jar;C:\Users\jbt\.m2\repository\org\apache\httpcomponents\httpclient\4.5.6\httpclient-4.5.6.jar;C:\Users\jbt\.m2\repository\org\apache\httpcomponents\httpcore\4.4.10\httpcore-4.4.10.jar;C:\Users\jbt\.m2\repository\commons-codec\commons-codec\1.11\commons-codec-1.11.jar;C:\Users\jbt\.m2\repository\org\eclipse\aether\aether-api\1.0.2.v20150114\aether-api-1.0.2.v20150114.jar;C:\Users\jbt\.m2\repository\org\springframework\boot\spring-boot-starter-test\2.0.5.RELEASE\spring-boot-starter-test-2.0.5.RELEASE.jar;C:\Users\jbt\.m2\repository\org\springframework\boot\spring-boot-starter\2.0.5.RELEASE\spring-boot-starter-2.0.5.RELEASE.jar;C:\Users\jbt\.m2\repository\org\springframework\boot\spring-boot\2.0.5.RELEASE\spring-boot-2.0.5.RELEASE.jar;C:\Users\jbt\.m2\repository\org\springframework\spring-context\5.0.9.RELEASE\spring-context-5.0.9.RELEASE.jar;C:\Users\jbt\.m2\repository\org\springframework\spring-expression\5.0.9.RELEASE\spring-expression-5.0.9.RELEASE.jar;C:\Users\jbt\.m2\repository\org\springframework\boot\spring-boot-starter-logging\2.0.5.RELEASE\spring-boot-starter-logging-2.0.5.RELEASE.jar;C:\Users\jbt\.m2\repository\ch\qos\logback\logback-classic\1.2.3\logback-classic-1.2.3.jar;C:\Users\jbt\.m2\repository\ch\qos\logback\logback-core\1.2.3\logback-core-1.2.3.jar;C:\Users\jbt\.m2\repository\org\apache\logging\log4j\log4j-to-slf4j\2.10.0\log4j-to-slf4j-2.10.0.jar;C:\Users\jbt\.m2\repository\org\apache\logging\log4j\log4j-api\2.10.0\log4j-api-2.10.0.jar;C:\Users\jbt\.m2\repository\org\slf4j\jul-to-slf4j\1.7.25\jul-to-slf4j-1.7.25.jar;C:\Users\jbt\.m2\repository\javax\annotation\javax.annotation-api\1.3.2\javax.annotation-api-1.3.2.jar;C:\Users\jbt\.m2\repository\org\yaml\snakeyaml\1.19\snakeyaml-1.19.jar;C:\Users\jbt\.m2\repository\org\springframework\boot\spring-boot-test\2.0.5.RELEASE\spring-boot-test-2.0.5.RELEASE.jar;C:\Users\jbt\.m2\repository\org\springframework\boot\spring-boot-test-autoconfigure\2.0.5.RELEASE\spring-boot-test-autoconfigure-2.0.5.RELEASE.jar;C:\Users\jbt\.m2\repository\com\jayway\jsonpath\json-path\2.4.0\json-path-2.4.0.jar;C:\Users\jbt\.m2\repository\net\minidev\json-smart\2.3\json-smart-2.3.jar;C:\Users\jbt\.m2\repository\net\minidev\accessors-smart\1.2\accessors-smart-1.2.jar;C:\Users\jbt\.m2\repository\junit\junit\4.12\junit-4.12.jar;C:\Users\jbt\.m2\repository\org\assertj\assertj-core\3.9.1\assertj-core-3.9.1.jar;C:\Users\jbt\.m2\repository\org\mockito\mockito-core\2.15.0\mockito-core-2.15.0.jar;C:\Users\jbt\.m2\repository\net\bytebuddy\byte-buddy\1.7.11\byte-buddy-1.7.11.jar;C:\Users\jbt\.m2\repository\net\bytebuddy\byte-buddy-agent\1.7.11\byte-buddy-agent-1.7.11.jar;C:\Users\jbt\.m2\repository\org\objenesis\objenesis\2.6\objenesis-2.6.jar;C:\Users\jbt\.m2\repository\org\hamcrest\hamcrest-core\1.3\hamcrest-core-1.3.jar;C:\Users\jbt\.m2\repository\org\hamcrest\hamcrest-library\1.3\hamcrest-library-1.3.jar;C:\Users\jbt\.m2\repository\org\skyscreamer\jsonassert\1.5.0\jsonassert-1.5.0.jar;C:\Users\jbt\.m2\repository\com\vaadin\external\google\android-json\0.0.20131108.vaadin1\android-json-0.0.20131108.vaadin1.jar;C:\Users\jbt\.m2\repository\org\springframework\spring-core\5.0.9.RELEASE\spring-core-5.0.9.RELEASE.jar;C:\Users\jbt\.m2\repository\org\springframework\spring-jcl\5.0.9.RELEASE\spring-jcl-5.0.9.RELEASE.jar;C:\Users\jbt\.m2\repository\org\springframework\spring-test\5.0.9.RELEASE\spring-test-5.0.9.RELEASE.jar;C:\Users\jbt\.m2\repository\org\xmlunit\xmlunit-core\2.5.1\xmlunit-core-2.5.1.jar;"/>
    <property name="sun.cpu.endian" value="little"/>
    <property name="user.home" value="C:\Users\jbt"/>
    <property name="user.language" value="en"/>
    <property name="java.specification.vendor" value="Oracle Corporation"/>
    <property name="java.home" value="C:\Program Files\Java\jdk1.8.0_65\jre"/>
    <property name="basedir" value="C:\Gonen\springExamples\SpringCloud_GS_Gateway"/>
    <property name="file.separator" value="\"/>
    <property name="line.separator" value="&#10;"/>
    <property name="java.vm.specification.vendor" value="Oracle Corporation"/>
    <property name="java.specification.name" value="Java Platform API Specification"/>
    <property name="java.awt.graphicsenv" value="sun.awt.Win32GraphicsEnvironment"/>
    <property name="surefire.real.class.path" value="C:\Users\jbt\AppData\Local\Temp\surefire6256170788849069408\surefirebooter4162311611410255750.jar"/>
    <property name="sun.boot.class.path" value="C:\Program Files\Java\jdk1.8.0_65\jre\lib\resources.jar;C:\Program Files\Java\jdk1.8.0_65\jre\lib\rt.jar;C:\Program Files\Java\jdk1.8.0_65\jre\lib\sunrsasign.jar;C:\Program Files\Java\jdk1.8.0_65\jre\lib\jsse.jar;C:\Program Files\Java\jdk1.8.0_65\jre\lib\jce.jar;C:\Program Files\Java\jdk1.8.0_65\jre\lib\charsets.jar;C:\Program Files\Java\jdk1.8.0_65\jre\lib\jfr.jar;C:\Program Files\Java\jdk1.8.0_65\jre\classes"/>
    <property name="user.script" value=""/>
    <property name="sun.management.compiler" value="HotSpot 64-Bit Tiered Compilers"/>
    <property name="java.runtime.version" value="1.8.0_65-b17"/>
    <property name="user.name" value="jbt"/>
    <property name="path.separator" value=";"/>
    <property name="os.version" value="10.0"/>
    <property name="java.endorsed.dirs" value="C:\Program Files\Java\jdk1.8.0_65\jre\lib\endorsed"/>
    <property name="java.runtime.name" value="Java(TM) SE Runtime Environment"/>
    <property name="file.encoding" value="Cp1255"/>
    <property name="java.vm.name" value="Java HotSpot(TM) 64-Bit Server VM"/>
    <property name="localRepository" value="C:\Users\jbt\.m2\repository"/>
    <property name="java.vendor.url.bug" value="http://bugreport.sun.com/bugreport/"/>
    <property name="java.io.tmpdir" value="C:\Users\jbt\AppData\Local\Temp\"/>
    <property name="java.version" value="1.8.0_65"/>
    <property name="user.dir" value="C:\Gonen\springExamples\SpringCloud_GS_Gateway"/>
    <property name="os.arch" value="amd64"/>
    <property name="java.vm.specification.name" value="Java Virtual Machine Specification"/>
    <property name="java.awt.printerjob" value="sun.awt.windows.WPrinterJob"/>
    <property name="user.language.format" value="he"/>
    <property name="sun.os.patch.level" value=""/>
    <property name="java.library.path" value="C:\Program Files\Java\jdk1.8.0_65\jre\bin;C:\WINDOWS\Sun\Java\bin;C:\WINDOWS\system32;C:\WINDOWS;C:/Program Files/Java/jre1.8.0_66/bin/server;C:/Program Files/Java/jre1.8.0_66/bin;C:/Program Files/Java/jre1.8.0_66/lib/amd64;C:\Python36\Scripts\;C:\Python36\;C:\Program Files (x86)\Intel\iCLS Client\;C:\Program Files\Intel\iCLS Client\;C:\ProgramData\Oracle\Java\javapath;C:\WINDOWS\system32;C:\WINDOWS;C:\WINDOWS\System32\Wbem;C:\WINDOWS\System32\WindowsPowerShell\v1.0\;C:\Windows\PQboot32;C:\Program Files\Microsoft SQL Server\Client SDK\ODBC\110\Tools\Binn\;C:\Program Files (x86)\Microsoft SQL Server\120\Tools\Binn\;C:\Program Files\Microsoft SQL Server\120\Tools\Binn\;C:\Program Files\Microsoft SQL Server\120\DTS\Binn\;C:\Program Files (x86)\Microsoft SQL Server\120\Tools\Binn\ManagementStudio\;C:\Program Files (x86)\Microsoft SQL Server\120\DTS\Binn\;C:\Program Files (x86)\nodejs\;C:\Program Files\Microsoft SQL Server\130\Tools\Binn\;C:\Program Files\dotnet\;C:\Program Files (x86)\Intel\Intel(R) Management Engine Components\DAL;C:\Program Files\Intel\Intel(R) Management Engine Components\DAL;C:\Program Files (x86)\Intel\Intel(R) Management Engine Components\IPT;C:\Program Files\Intel\Intel(R) Management Engine Components\IPT;C:\WINDOWS\System32\OpenSSH\;C:\Program Files\nodejs\;C:\Program Files\Git\cmd;C:\Program Files (x86)\Microsoft VS Code\bin;C:\Users\jbt\AppData\Local\Microsoft\WindowsApps;C:\Users\jbt\AppData\Roaming\npm;C:\Program Files\eclipse;;."/>
    <property name="java.vm.info" value="mixed mode"/>
    <property name="java.vendor" value="Oracle Corporation"/>
    <property name="java.vm.version" value="25.65-b01"/>
    <property name="java.ext.dirs" value="C:\Program Files\Java\jdk1.8.0_65\jre\lib\ext;C:\WINDOWS\Sun\Java\lib\ext"/>
    <property name="sun.io.unicode.encoding" value="UnicodeLittle"/>
    <property name="java.class.version" value="52.0"/>
  </properties>
  <testcase name="contextLoads" classname="hello.ApplicationTest" time="3.12"/>
</testsuite>